<?xml version="1.0" encoding="UTF-8"?>
<testng-results ignored="0" total="1" passed="1" failed="0" skipped="0">
  <reporter-output>
  </reporter-output>
  <suite started-at="2022-03-20T14:05:47 EDT" name="Default suite" finished-at="2022-03-20T14:06:02 EDT" duration-ms="15042">
    <groups>
    </groups>
    <test started-at="2022-03-20T14:05:47 EDT" name="Default test" finished-at="2022-03-20T14:06:02 EDT" duration-ms="15042">
      <class name="com.store.testcases.LoginTest">
        <test-method is-config="true" signature="setupSuite()[pri:0, instance:com.store.testcases.LoginTest@61df66b6]" started-at="2022-03-20T14:05:46 EDT" name="setupSuite" finished-at="2022-03-20T14:05:47 EDT" duration-ms="626" status="PASS">
          <reporter-output>
          </reporter-output>
        </test-method> <!-- setupSuite -->
        <test-method is-config="true" signature="setUp()[pri:0, instance:com.store.testcases.LoginTest@61df66b6]" started-at="2022-03-20T14:05:47 EDT" name="setUp" finished-at="2022-03-20T14:05:57 EDT" duration-ms="10290" status="PASS">
          <reporter-output>
          </reporter-output>
        </test-method> <!-- setUp -->
        <test-method signature="testLogin()[pri:0, instance:com.store.testcases.LoginTest@61df66b6]" started-at="2022-03-20T14:05:57 EDT" name="testLogin" finished-at="2022-03-20T14:06:01 EDT" duration-ms="3796" status="PASS">
          <reporter-output>
          </reporter-output>
        </test-method> <!-- testLogin -->
        <test-method is-config="true" signature="tearDownMethod(org.testng.ITestResult)[pri:0, instance:com.store.testcases.LoginTest@61df66b6]" started-at="2022-03-20T14:06:01 EDT" name="tearDownMethod" finished-at="2022-03-20T14:06:01 EDT" duration-ms="800" status="PASS">
          <params>
            <param index="0">
              <value>
                <![CDATA[[TestResult name=testLogin status=SUCCESS method=LoginTest.testLogin()[pri:0, instance:com.store.testcases.LoginTest@61df66b6] output={null}]]]>
              </value>
            </param>
          </params>
          <reporter-output>
          </reporter-output>
        </test-method> <!-- tearDownMethod -->
        <test-method is-config="true" signature="tearDown()[pri:0, instance:com.store.testcases.LoginTest@61df66b6]" started-at="2022-03-20T14:06:01 EDT" name="tearDown" finished-at="2022-03-20T14:06:02 EDT" duration-ms="104" status="PASS">
          <reporter-output>
          </reporter-output>
        </test-method> <!-- tearDown -->
      </class> <!-- com.store.testcases.LoginTest -->
    </test> <!-- Default test -->
  </suite> <!-- Default suite -->
</testng-results>
